1 10
2 1
1 5
2 0
3 1
4 20
5 1
6 1
7 1
8 1
9 1
10 1
11 0
12 5
13 0
14 1
15 1
16 0
17 1
18 1
19 1
20 1
21 2
22 0
23 0
24 1
25 1
26 0
27 1
28 1
29 1
30 1
31 1
32 0
33 0
34 1
35 0
36 0
37 1
38 1
39 1
40 0
41 1
42 0
43 0
44 0
45 1
46 1
47 0
48 0
49 1
50 1
51 0
52 0
53 1
54 0
55 0
56 1
57 1
58 1
59 1
60 0
61 0
62 1
63 1
64 1
65 0
66 1
67 1
68 1
69 0
70 1
71 0
72 1
73 1
74 1
75 1
76 1
77 0
78 1
79 0
80 1
81 0
82 1
83 1
84 1
85 1
86 1
87 0
88 0
89 1
90 1
91 0
92 0
93 1
94 1
95 1
96 0
97 0
98 0
99 1
100 1
101 0
102 0
103 1
104 4
105 1
106 0
107 0
108 1
109 0
110 0
111 1
112 1
113 1
114 0
115 0
116 0
117 1
118 0
119 0
120 1
121 0
122 1
123 1
124 1
125 1
126 1
127 0
128 3
129 0
130 1
131 1
132 0
133 1
134 1
135 1
136 1
137 0
138 1
139 1
140 1
141 1
142 0
143 0
144 1
145 0
146 1
147 1
148 1
149 0
150 0
151 0
152 1
153 0
154 1
155 3
156 1
157 1
158 1
159 1
160 0
161 0
162 1
163 1
164 1
165 0
166 1
167 0
168 1
169 1
170 0
171 0
172 0
173 0
174 1
175 1
176 0
177 0
178 1
179 0
180 1
181 1
182 1
183 1
184 1
185 1
186 0
187 1
188 0
189 0
190 0
191 2
192 1
193 1
194 1
195 1
196 0
197 1
198 1
199 1
200 1
201 1
202 1
203 0
204 0
205 1
206 1
207 0
208 1
209 1
210 1
211 0
212 0
213 0
214 0
215 0
216 1
217 1
218 0
219 1
220 2
221 3
222 1
223 1
224 0
225 0
226 0
227 1
228 1
229 0
230 0
231 1
232 1
233 3
234 0
235 0
236 1
237 1
238 1
239 1
240 0
241 1
242 1
243 0
244 1
245 1
246 0
247 0
248 0
249 1
250 1
251 0
252 0
253 1
254 1
255 1
256 0
257 1
258 1
259 1
260 0
261 0
262 2
263 0
264 0
265 1
266 0
267 0
268 0
269 0
270 1
271 1
272 0
273 1
274 1
275 0
276 0
277 1
278 1
279 1
280 0
281 0
282 0
283 0
284 0
285 1
286 0
287 0
288 1
289 1
290 1
291 1
292 1
293 1
294 1
295 1
296 0
297 0
298 1
299 1
300 0
301 0
302 1
303 1
304 2
305 0
306 0
307 1
308 1
309 1
310 4
311 1
312 0
313 0
314 0
315 1
316 1
317 0
318 0
319 1
320 1
321 2
322 0
323 0
324 1
325 1
326 0
327 1
328 0
329 1
330 0
331 1
332 0
333 0
334 1
335 1
336 1
337 0
338 1
339 1
340 0
341 1
342 0
343 1
344 1
345 0
346 0
347 1
348 1
349 0
350 1
351 1
352 1
353 0
354 0
355 0
356 1
357 0
358 1
359 1
360 0
361 0
362 0
363 1
364 1
365 1
366 1
367 1
368 0
369 0
370 0
371 0
372 1
373 1
374 1
375 1
376 1
377 1
378 1
379 1
380 1
381 0
382 1
383 1
384 1
385 0
386 0
387 1
388 1
389 0
390 0
391 1
392 1
393 0
394 0
395 1
396 1
397 0
398 0
399 1
400 1
401 0
402 0
403 1
404 0
405 0
406 1
407 1
408 1
409 1
410 0
411 1
412 1
413 0
414 0
415 1
416 0
417 0
418 0
419 0
420 1
421 0
422 0
423 1
424 0
425 0
426 0
427 0
428 1
429 1
430 1
431 0
432 0
433 1
434 1
435 0
436 0
437 0
438 1
439 1
440 1
441 0
442 1
443 1
444 1
445 1
446 1
447 0
448 1
449 1
450 1
451 0
452 1
453 1
454 0
455 1
456 1
457 1
458 0
459 0
460 1
461 1
462 0
463 1
464 1
465 1
466 0
467 0
468 1
469 2
470 0
471 1
472 0
473 0
474 1
475 1
476 1
477 0
478 0
479 1
480 1
481 1
482 1
483 1
484 1
485 0
486 1
487 1
488 0
489 0
490 1
491 0
492 0
493 1
494 1
495 1
496 1
497 0
498 1
499 1
500 1
501 0
502 1
503 0
504 1
505 1
506 3
507 1
508 0
509 1
510 1
511 0
512 1
513 1
514 0
515 0
516 1
517 1
518 0
519 0
520 1
521 0
522 1
523 0
524 0
525 1
526 1
527 1
528 1
529 1
530 1
531 0
532 0
533 1
534 1
535 0
536 1
537 0
538 0
539 1
540 1
541 0
542 1
543 0
544 0
545 0
546 1
547 0
548 0
549 1
550 1
551 0
552 0
553 1
554 1
555 0
556 1
557 1
558 2
559 0
560 1
561 2
562 1
563 0
564 0
565 1
566 0
567 1
568 0
569 1
570 0
571 0
572 0
573 1
574 0
575 1
576 1
577 0
578 1
579 1
580 0
581 0
582 1
583 1
584 0
585 1
586 1
587 0
588 0
589 0
590 1
591 1
592 0
593 1
594 1
595 0
596 1
597 1
598 0
599 1
600 1
601 0
602 0
603 1
604 1
605 0
606 1
607 1
608 1
609 1
610 0
611 0
612 1
613 0
614 0
615 1
616 1
617 1
618 0
619 0
620 1
621 1
622 0
623 0
624 1
625 0
626 0
627 1
628 1
629 0
630 0
631 1
632 0
633 0
634 0
635 0
636 1
637 0
638 4
639 1
640 0
641 0
642 1
643 1
644 0
645 1
646 3
647 1
648 0
649 0
650 1
651 2
652 1
653 0
654 1
655 0
656 0
657 1
658 1
659 0
660 0
661 1
662 1
663 0
664 0
665 1
666 1
667 1
668 1
669 0
670 0
671 1
672 0
673 0
674 1
675 1
676 0
677 0
678 0
679 0
680 0
681 0
682 1
683 1
684 1
685 0
686 1
687 0
688 1
689 1
690 1
691 0
692 0
693 1
694 0
695 0
696 1
697 1
698 0
699 1
700 1
701 0
702 0
703 0
704 1
705 0
706 0
707 1
708 0
709 0
710 1
711 1
712 0
713 1
714 1
715 0
716 0
717 2
718 1
719 0
720 0
721 1
722 1
723 0
724 0
725 1
726 0
727 1
728 1
729 0
730 0
731 1
732 0
733 0
734 1
735 2
736 1
737 0
738 1
739 1
740 0
741 0
742 0
743 1
744 1
745 0
746 1
747 0
748 1
749 0
750 0
751 0
752 1
753 0
754 0
755 1
756 1
757 0
758 0
759 1
760 0
761 0
762 0
763 1
764 0
765 0
766 1
767 0
768 1
769 1
770 1
771 0
772 0
773 1
774 1
775 0
776 0
777 1
778 1
779 0
780 0
781 1
782 1
783 0
784 1
785 1
786 0
787 1
788 0
789 0
790 0
791 0
792 1
793 0
794 0
795 1
796 1
797 0
798 0
799 1
800 0
801 1
802 0
803 1
804 1
805 1
806 0
807 0
808 1
809 1
810 0
811 1
812 1
813 3
814 1
815 1
816 0
817 1
818 1
819 0
820 0
821 1
822 0
823 0
824 1
825 0
826 1
827 1
828 0
829 0
830 0
831 0
832 0
833 1
834 1
835 0
836 1
837 1
838 1
839 0
840 1
841 1
842 0
843 1
844 0
845 0
846 0
847 1
848 1
849 0
850 0
851 1
852 0
853 0
854 1
855 1
856 1
857 0
858 0
859 1
860 1
861 0
862 1
863 0
864 0
865 1
866 1
867 0
868 1
869 0
870 0
871 3
872 1
873 1
874 0
875 1
876 1
877 1
878 0
879 2
880 2
881 1
882 0
883 1
884 1
885 0
886 0
887 1
888 1
889 1
890 0
891 0
892 1
893 1
894 0
895 1
896 1
897 1
898 0
899 0
900 1
901 1
902 1
903 1
904 0
905 1
906 1
907 0
908 1
909 1
910 1
911 0
912 0
913 0
914 0
915 0
916 1
917 1
918 0
919 1
920 1
921 1
922 1
923 0
924 0
925 1
926 1
927 0
928 2
929 1
930 1
931 1
932 0
933 0
934 1
935 0
936 0
937 0
938 1
939 0
940 1
941 0
942 0
943 1
944 1
945 0
946 1
947 1
948 1
949 0
950 1
951 1
952 1
953 0
954 1
955 1
956 0
957 0
958 1
959 2
960 0
961 1
962 1
963 1
964 0
965 1
966 1
967 0
968 0
969 1
970 1
971 1
972 0
973 0
974 1
975 2
976 0
977 0
978 1
979 0
980 0
981 0
982 1
983 0
984 0
985 0
986 1
987 0
988 9
989 1
990 0
991 1
992 0
993 0
994 0
995 1
996 0
997 1
998 0
999 1
1000 1
1001 0
1002 1
1003 1
1004 0
1005 0
1006 1
1007 1
1008 0
1009 0
1010 1
1011 0
1012 0
1013 1
1014 1
1015 1
1016 0
1017 1
1018 1
1019 1
1020 0
1021 1
1022 1
1023 0
1024 0
1025 1
1026 1
1027 1
1028 0
1029 2
1030 1
1031 1
1032 0
1033 0
1034 0
1035 1
1036 1
1037 0
1038 1
1039 0
1040 0
1041 0
1042 1
1043 0
1044 0
1045 0
1046 1
1047 1
1048 1
1049 1
1050 1
1051 0
1052 0
1053 0
1054 0
1055 1
1056 1
1057 0
1058 1
1059 1
1060 0
1061 0
1062 0
1063 1
1064 0
1065 0
1066 0
1067 1
1068 0
1069 0
1070 0
1071 1
1072 0
1073 0
1074 1
1075 1
1076 1
1077 1
1078 1
1079 0
1080 0
1081 1
1082 1
1083 0
1084 0
1085 0
1086 0
1087 1
1088 1
1089 1
1090 1
1091 0
1092 1
1093 0
1094 0
1095 1
1096 0
1097 1
1098 0
1099 1
1100 0
1101 0
1102 0
1103 1
1104 0
1105 1
1106 1
1107 1
1108 0
1109 0
1110 1
1111 0
1112 1
1113 1
1114 1
1115 1
1116 0
1117 0
1118 1
1119 0
1120 1
1121 0
1122 0
1123 0
1124 0
1125 1
1 4
2 1
3 1
4 1
5 0
6 1
7 3
8 1
9 1
10 1
11 1
12 1
13 1
14 0
15 1
16 0
17 1
18 0
19 0
20 1
21 1
22 0
23 0
24 0
25 1
26 1
27 1
28 1
29 1
30 1
31 1
32 0
33 1
34 1
35 1
36 1
37 1
38 1
39 1
40 0
41 0
42 1
43 1
44 1
45 0
46 0
47 1
48 1
49 0
50 1
51 1
52 0
53 0
54 0
55 1
56 0
57 0
58 1
59 0
60 1
61 0
62 1
63 1
64 0
65 0
66 1
67 1
68 0
69 0
70 1
71 1
72 1
73 2
74 1
75 1
76 7
77 1
78 1
79 1
80 1
81 0
82 1
83 1
84 0
85 1
86 1
87 1
88 1
89 0
90 0
91 2
92 1
93 0
94 1
95 1
96 1
97 0
98 0
99 0
100 1
101 1
102 1
103 0
104 1
105 1
106 0
107 0
108 0
109 0
110 1
111 1
112 0
113 1
114 1
115 1
116 1
117 1
118 1
119 1
120 1
121 0
122 1
123 1
124 0
125 0
126 1
127 1
128 1
129 1
130 1
131 1
132 0
133 0
134 1
135 1
136 0
137 0
138 1
139 1
140 1
141 1
142 0
143 1
144 0
145 0
146 1
147 1
148 0
149 0
150 1
151 0
152 4
153 1
154 1
155 1
156 0
157 1
158 1
159 0
160 1
161 1
162 1
163 0
164 0
165 1
166 1
167 0
168 1
169 0
170 1
171 1
172 1
173 0
174 1
175 1
176 0
177 2
178 1
179 1
180 1
181 1
182 1
183 3
184 1
185 1
186 0
187 0
188 1
189 1
190 0
191 2
192 1
193 1
194 0
195 1
196 0
197 1
198 0
199 1
200 1
201 1
202 0
203 7
204 0
205 1
206 1
207 0
208 0
209 1
210 1
211 0
212 1
213 1
214 1
215 0
216 1
217 0
218 1
219 0
220 1
221 1
222 1
223 1
224 0
225 1
226 1
227 1
228 1
229 1
230 1
231 0
232 1
233 1
234 0
235 1
236 1
237 0
238 0
239 1
240 1
241 1
242 0
243 1
244 0
245 1
246 0
247 0
248 0
249 1
250 1
251 0
252 0
253 0
254 0
255 0
256 1
257 1
258 0
259 1
260 1
261 0
262 0
263 0
264 0
265 1
266 1
267 0
268 0
269 1
270 1
271 0
272 0
273 0
274 0
275 1
276 1
277 2
278 1
279 0
280 0
281 1
282 1
283 3
284 1
285 1
286 0
287 1
288 1
289 0
290 1
291 1
292 0
293 1
294 1
295 3
296 0
297 0
298 1
299 1
300 1
301 0
302 1
303 1
304 1
305 1
306 0
307 0
308 1
309 2
310 0
311 1
312 1
313 0
314 0
315 0
316 0
317 1
318 1
319 0
320 0
321 1
322 1
323 1
324 0
325 1
326 1
327 1
328 0
329 1
330 1
331 0
332 0
333 0
334 1
335 4
336 1
337 1
338 0
339 1
340 1
341 1
342 0
343 1
344 1
345 1
346 0
347 1
348 1
349 5
350 2
351 1
352 1
353 0
354 0
355 1
356 1
357 0
358 1
359 0
360 1
361 1
362 1
363 0
364 1
365 1
366 0
367 0
368 1
369 0
370 0
371 0
372 1
373 1
374 0
375 1
376 1
377 1
378 1
379 0
380 0
381 1
382 0
383 0
384 0
385 1
386 1
387 0
388 1
389 1
390 1
391 0
392 0
393 1
394 1
395 0
396 0
397 0
398 1
399 2
400 1
401 0
402 0
403 1
404 1
405 0
406 0
407 3
408 0
409 0
410 1
411 1
412 0
413 0
414 1
415 1
416 1
417 1
418 1
419 1
420 1
421 4
422 1
423 1
424 1
425 0
426 1
427 1
428 0
429 1
430 5
431 0
432 1
433 1
434 0
435 1
436 0
437 1
438 1
439 0
440 1
441 1
442 1
443 1
444 1
445 0
446 0
447 0
448 1
449 1
450 0
451 1
452 1
453 0
454 0
455 0
456 0
457 0
458 0
459 0
460 1
461 1
462 0
463 1
464 1
465 0
466 1
467 1
468 1
469 1
470 0
471 0
472 2
473 0
474 1
475 1
476 0
477 0
478 1
479 1
480 0
481 0
482 0
483 0
484 0
485 1
486 0
487 0
488 1
489 1
490 0
491 1
492 1
493 0
494 0
495 1
496 1
497 0
498 0
499 0
500 1
501 0
502 1
503 1
504 0
505 0
506 1
507 1
508 1
509 1
510 1
511 0
512 1
513 1
514 1
515 0
516 1
517 1
518 1
519 1
520 0
521 1
522 1
523 0
524 1
525 1
526 1
527 1
528 0
529 1
530 1
531 1
532 0
533 0
534 1
535 1
536 0
537 0
538 1
539 0
540 0
541 1
542 1
543 1
544 0
545 1
546 1
547 1
548 1
549 0
550 0
551 1
552 1
553 1
554 0
555 1
556 1
557 0
558 1
559 1
560 1
561 0
562 1
563 1
564 0
565 0
566 0
567 1
568 0
569 1
570 1
571 0
572 0
573 0
574 1
575 2
576 1
577 2
578 1
579 1
580 0
581 1
582 1
583 1
584 0
585 1
586 0
587 1
588 1
589 0
590 0
591 1
592 1
593 0
594 0
595 0
596 0
597 1
598 1
599 1
600 0
601 0
602 1
603 1
604 0
605 0
606 1
607 0
608 1
609 1
610 1
611 0
612 0
613 1
614 0
615 0
616 1
617 1
618 1
619 0
620 0
621 1
622 1
623 0
624 1
625 0
626 1
627 1
628 0
629 0
630 1
631 1
632 0
633 1
634 1
635 0
636 1
637 1
638 1
639 0
640 1
641 1
642 0
643 1
644 0
645 0
646 0
647 1
648 1
649 0
650 0
651 1
652 0
653 0
654 0
655 1
656 1
657 0
658 0
659 0
660 1
661 0
662 1
663 0
664 1
665 0
666 1
667 1
668 0
669 0
670 1
671 0
672 0
673 4
674 1
675 1
676 0
677 0
678 1
679 1
680 0
681 0
682 1
683 1
684 2
685 0
686 0
687 0
688 1
689 0
690 0
691 1
692 0
693 0
694 1
695 1
696 1
697 0
698 0
699 0
700 0
701 1
702 0
703 0
704 1
705 1
706 0
707 0
708 1
709 1
710 0
711 0
712 1
713 1
714 0
715 0
716 1
717 1
718 0
719 0
720 0
721 1
722 1
723 0
724 0
725 1
726 1
727 1
728 1
729 0
730 1
731 1
732 0
733 0
734 1
735 1
736 1
737 0
738 1
739 1
740 1
741 0
742 0
743 0
744 1
745 0
746 1
747 1
748 0
749 0
750 1
751 1
752 1
753 0
754 1
755 1
756 0
757 0
758 0
759 0
760 1
761 1
762 0
763 1
764 1
765 0
766 0
767 1
768 1
769 0
770 0
771 0
772 0
773 1
774 0
775 0
776 1
777 0
778 1
779 1
780 0
781 0
782 0
783 1
784 0
785 1
786 1
787 0
788 0
789 1
790 1
791 1
792 0
793 0
794 0
795 0
796 1
797 0
798 0
799 1
800 1
801 0
802 0
803 1
804 1
805 0
806 1
807 1
808 0
809 0
810 1
811 1
812 1
813 0
814 0
815 1
816 0
817 1
818 1
819 1
820 0
821 0
822 1
823 0
824 0
825 0
826 1
827 1
828 0
829 0
830 1
831 1
832 0
833 1
834 0
835 1
836 1
837 0
838 0
839 0
840 1
841 1
842 1
843 1
844 1
845 1
846 0
847 1
848 1
849 0
850 0
851 1
852 0
853 1
854 1
855 0
856 1
857 1
858 0
859 0
860 1
861 0
862 0
863 1
864 1
865 0
866 0
867 1
868 1
869 0
870 1
871 1
872 0
873 1
874 1
875 0
876 0
877 0
878 1
879 0
880 1
881 1
882 1
883 0
884 0
885 0
886 1
887 1
888 1
889 1
890 0
891 1
892 1
893 0
894 0
895 1
896 1
897 0
898 1
899 1
900 0
901 0
902 0
903 1
904 1
905 1
906 0
907 1
908 1
909 0
910 0
911 0
912 1
913 1
914 1
915 0
916 0
917 1
918 0
919 0
920 1
921 1
922 1
923 0
924 1
925 1
926 0
927 2
928 1
929 0
930 1
931 1
932 0
933 1
934 0
935 1
936 0
937 1
938 1
939 0
940 0
941 0
942 1
943 1
944 1
945 0
946 0
947 1
948 1
949 1
950 0
951 0
952 0
953 2
954 0
955 0
956 0
957 1
958 0
959 6
960 0
961 0
962 1
963 0
964 0
965 1
966 1
967 0
968 0
969 0
970 2
971 1
972 1
973 0
974 0
975 1
976 1
977 0
978 0
979 0
980 1
981 1
982 0
983 0
984 0
985 1
986 0
987 0
988 0
989 1
990 1
991 0
992 1
993 1
994 0
995 1
996 1
997 0
998 0
999 0
1000 1
1001 1
1002 0
1003 1
1004 1
1005 1
1006 0
1007 0
1008 1
1009 1
1010 1
1011 0
1012 1
1013 0
1014 0
1015 1
1016 1
1017 1
1018 0
1019 1
1020 1
1021 0
1022 0
1023 1
1024 0
1025 1
1026 1
1027 0
1028 0
1029 1
1030 1
1031 0
1032 1
1033 1
1034 0
1035 1
1036 0
1037 1
1038 1
1039 1
1040 0
1041 1
1042 0
1043 1
1044 0
1045 0
1046 0
1047 0
1048 1
1049 0
1050 2
1051 1
1052 0
1053 0
1054 0
1055 0
1056 1
1057 1
1058 0
1059 1
1060 0
1061 0
1062 1
1063 0
1064 0
1065 1
1066 1
1067 0
1068 1
1069 1
1070 0
1071 0
1072 0
1073 1
1074 1
1075 0
1076 0
1077 1
1078 1
1079 0
1080 0
1081 0
1082 0
1083 1
1084 1
1085 0
1086 0
1087 1
1088 0
1089 0
1090 1
1091 1
1092 1
1093 0
1094 1
1095 1
1096 1
1097 1
1098 1
1099 1
1100 0
1101 0
1102 1
1103 1
1104 0
1105 1
1106 0
1107 1
1108 1
1109 0
1110 0
1111 0
1112 0
1113 1
1114 1
1115 0
1116 2
1117 2
1118 1
1119 0
1120 0
1121 1
1122 1
1123 0
1124 0
1125 1
1126 1
1127 2
1128 1
1129 1
1130 0
1131 1
1132 1
1133 0
1134 1
1135 1
1136 0
1137 1
1138 0
1139 1
1140 1
1141 0
1142 1
1143 1
1144 0
1145 0
1146 1
1147 1
1148 0
1149 1
1150 1
1151 1
1152 0
1153 0
1154 1
1155 0
1156 0
1157 1
1158 1
1159 0
1160 0
1161 1
1162 1
1163 0
1164 1
1165 1
1166 0
1167 0
1168 0
1169 1
1170 0
1171 0
1172 1
1173 0
1174 1
1175 1
1176 0
1177 1
1178 1
1179 1
1180 0
1181 1
1182 1
1183 0
1184 0
1185 1
1186 2
1187 1
1188 0
1189 1
1190 1
1191 0
1192 1
1193 0
1194 1
1195 0
1196 1
1197 1
1198 0
1199 1
1200 1
1201 1
1202 7
1203 1
1204 6
1205 0
1206 1
1207 1
1208 0
1209 0
1210 1
1211 0
1212 0
1213 0
1214 1
1215 0
1216 0
1217 1
1218 1
1219 0
1220 0
1221 1
1222 1
1223 1
1224 0
1225 0
1226 1
1227 1
1228 0
1229 1
1230 1
1231 1
1232 0
1233 0
1234 0
1235 1
1236 0
1237 0
1238 1
1239 1
1240 0
1241 0
1242 0
1243 0
1244 1
1245 1
1246 0
1247 0
1248 0
1249 0
1250 1
1251 0
1252 0
1253 1
1254 1
1255 1
1256 0
1257 1
1258 0
1259 0
1260 0
1261 0
1262 1
1263 0
1264 0
1265 1
1266 1
1267 0
1268 0
1269 0
1270 0
1271 0
1272 1
1273 0
1274 0
1275 1
1276 0
1277 0
1278 0
1279 1
1280 0
1281 0
1282 1
1283 0
1284 1
1285 1
1286 0
1287 0
1288 0
1289 1
1290 1
1291 1
1292 0
1293 0
1294 1
1295 0
1296 0
1297 0
1298 1
1299 1
1300 1
1301 0
1302 1
1303 1
1304 0
1305 0
1306 0
1307 1
1308 1
1309 0
1310 1
1311 1
1312 1
1313 1
1314 1
1315 1
1316 0
1317 0
1318 1
1319 1
1320 1
1321 1
1322 1
1323 1
1324 0
1325 0
1326 1
1327 1
1328 1
1329 0
1330 0
1331 0
1332 1
1333 3
1334 1
1335 1
1336 1
1337 1
1338 0
1339 0
1340 1
1341 1
1342 0
1343 1
1344 1
1345 0
1346 1
1347 1
1348 0
1349 0
1350 1
1351 1
1352 0
1353 1
1354 1
1355 1
1356 0
1357 1
1358 1
1359 1
1360 0
1361 0
1362 1
1363 0
1364 1
1365 0
1366 1
1367 1
1368 1
1369 0
1370 0
1371 1
1372 0
1373 0
1374 1
1375 1
1376 1
1377 0
1378 1
1379 1
1380 0
1381 0
1382 1
1383 1
1384 0
1385 1
1386 1
1387 0
1388 1
1389 1
1390 0
1391 0
1392 1
1393 1
1394 0
1395 0
1396 0
1397 1
1398 0
1399 1
1400 1
1401 1
1402 0
1403 1
1404 0
1405 1
1406 1
1407 0
1408 0
1409 1
1410 0
1411 0
1412 1
1413 1
1414 0
1415 1
1416 0
1417 1
1418 0
1419 1
1420 1
1421 4
1422 1
1423 0
1424 1
1425 1
1426 0
1427 0
1428 1
1429 0
1430 1
1431 1
1432 1
1433 0
1434 0
1435 0
1436 1
1437 0
1438 0
1439 1
1440 1
1441 0
1442 1
1443 0
1444 4
1445 2
1446 1
1447 1
1448 1
1449 0
1450 0
1451 1
1452 1
1453 1
1454 0
1455 0
1456 1
1457 0
1458 1
1459 1
1460 1
1461 0
1462 1
1463 0
1464 0
1465 1
1466 0
1467 0
1468 0
1469 1
1470 1
1471 1
1472 1
1473 1
1474 1
1475 0
1476 1
1477 1
1478 0
1479 0
1480 0
1481 1
1482 0
1483 0
1484 1
1485 4
1486 0
1487 1
1488 1
1489 1
1490 0
1491 1
1492 1
1493 0
1494 1
1495 1
1496 1
1497 0
1498 1
1499 1
1500 1
1501 1
1502 0
1503 0
1504 0
1505 0
1506 1
1507 0
1508 1
1509 0
1510 0
1511 1
1512 1
1513 1
1514 1
1515 0
1516 0
1517 1
1518 1
1519 1
1520 0
1521 0
1522 1
1523 1
1524 1
1525 0
1526 0
1527 0
1528 1
1529 0
1530 0
1531 1
1532 0
1533 2
1534 0
1535 0
1536 1
1537 1
1538 0
1539 0
1540 0
1541 1
1542 1
1543 0
1544 0
1545 1
1546 1
1547 0
1548 1
1549 1
1550 1
1551 1
1552 1
1553 0
1554 0
1555 1
1556 0
1557 1
1558 1
1559 0
1560 0
1561 1
1562 1
1563 0
1564 0
1565 0
1566 1
1567 1
1568 0
1569 0
1570 1
1571 0
1572 0
1573 1
1574 1
1575 1
1576 1
1577 1
1578 1
1579 1
1580 1
1581 1
1582 0
1583 0
1584 1
1585 1
1586 0
1587 0
1588 1
1589 0
1590 1
1591 1
1592 1
1593 1
1594 1
1595 1
1596 0
1597 1
1598 0
1599 0
1600 1
1601 1
1602 1
1603 0
1604 0
1605 1
1606 2
1607 0
1608 1
1609 1
1610 0
1611 1
1612 0
1613 0
1614 0
1615 0
1616 1
1617 0
1618 0
1619 1
1620 1
1621 0
1622 0
1623 1
1624 1
1625 0
1626 1
1627 6
1628 1
1629 0
1630 0
1631 1
1632 0
1633 1
1634 1
1635 0
1636 1
1637 1
1638 1
1639 0
1640 0
1641 1
1642 0
1643 0
1644 1
1645 0
1646 0
1647 0
1648 1
1649 0
1650 2
1651 1
1652 0
1653 0
1654 1
1655 0
1656 0
1657 1
1658 1
1659 1
1660 0
1661 1
1662 0
1663 1
1664 0
1665 0
1666 1
1667 1
1668 0
1669 0
1670 0
1671 2
1672 1
1673 1
1674 0
1675 1
1676 1
1677 1
1678 0
1679 1
1680 1
1681 1
1682 0
1683 0
1684 0
1685 0
1686 0
1687 1
1688 1
1689 1
1690 1
1691 0
1692 0
1693 1
1694 0
1695 0
1696 1
1697 1
1698 0
1699 0
1700 1
1701 1
1702 0
1703 1
1704 1
1705 0
1706 0
1707 1
1708 4
1709 0
1710 0
1711 1
1712 1
1713 1
1714 1
1715 0
1716 0
1717 1
1718 1
1719 0
1720 1
1721 0
1722 0
1723 1
1724 1
1725 0
1726 0
1727 0
1728 1
1729 1
1730 0
1731 1
1732 1
1733 0
1734 0
1735 0
1736 1
1737 1
1738 1
1739 0
1740 1
1741 1
1742 0
1743 0
1744 6
1745 0
1746 0
1747 1
1748 1
1749 1
1750 1
1751 1
1752 1
1753 0
1754 0
1755 1
1756 0
1757 0
1758 1
1759 0
1760 1
1761 1
1762 0
1763 0
1764 0
1765 0
1766 1
1767 1
1768 0
1769 1
1770 1
1771 1
1772 0
1773 0
1774 1
1775 1
1776 1
1777 0
1778 1
1779 1
1780 0
1781 1
1782 1
1783 1
1784 1
1785 0
1786 1
1787 0
1788 0
1789 0
1790 1
1791 1
1792 0
1793 1
1794 1
1795 1
1796 0
1797 1
1798 1
1799 0
1800 1
1801 1
1802 0
1803 1
1804 1
1805 0
1806 0
1807 0
1808 0
1809 1
1810 1
1811 0
1812 0
1813 1
1814 1
1815 0
1816 1
1817 1
1818 0
1819 0
1820 0
1821 1
1822 0
1823 2
1824 1
1825 0
1826 0
1827 2
1828 1
1829 0
1830 0
1831 1
1832 1
1833 0
1834 0
1835 1
1836 1
1837 0
1838 0
1839 1
1840 1
1841 0
1842 1
1843 1
1844 0
1845 0
1846 1
1847 0
1848 0
1849 1
1850 1
1851 0
1852 0
1853 1
1854 0
1855 0
1856 1
1857 1
1858 0
1859 1
1860 1
1861 0
1862 0
1863 0
1864 0
1865 0
1866 1
1867 4
1868 1
1869 0
1870 0
1871 1
1872 0
1873 0
1874 1
1875 1
1876 1
1877 1
1878 2
1879 0
1880 0
1881 0
1882 2
1883 1
1884 0
1885 1
1886 1
1887 1
1888 0
1889 1
1890 1
1891 0
1892 0
1893 1
1894 1
1895 0
1896 0
1897 1
1898 0
1899 1
1900 1
1901 0
1902 0
1903 1
1904 1
1905 0
1906 0
1907 0
1908 1
1909 0
1910 1
1911 1
1912 0
1913 1
1914 1
1915 1
1916 0
1917 0
1918 1
1919 0
1920 0
1921 1
1922 1
1923 1
1924 1
1925 0
1926 1
1927 1
1928 1
1929 1
1930 1
1931 1
1932 0
1933 1
1934 1
1935 0
1936 0
1937 2
1938 1
1939 0
1940 0
1941 0
1942 0
1943 1
1944 3
1945 1
1946 0
1947 0
1948 1
1949 0
1950 1
1951 1
1952 1
1953 0
1954 0
1955 1
1956 1
1957 0
1958 1
1959 0
1960 1
1961 0
1962 1
1963 1
1964 0
1965 6
1966 0
1967 1
1968 1
1969 0
1970 1
1971 1
1972 0
1973 0
1974 0
1975 0
1976 1
1977 0
1978 0
1979 0
1980 1
1981 1
1982 0
1983 0
1984 1
1985 0
1986 1
1987 1
1988 0
1989 1
1990 4
1991 0
1992 0
1993 1
1994 1
1995 0
1996 1
1997 0
1998 0
1999 1
2000 0
2001 0
2002 1
2003 1
2004 0
2005 1
2006 0
2007 0
2008 1
2009 1
2010 1
2011 0
2012 0
2013 1
2014 1
2015 1
2016 0
2017 1
2018 0
2019 1
2020 0
2021 1
2022 1
2023 1
2024 0
2025 1
2026 0
2027 0
2028 1
2029 1
2030 1
2031 0
2032 1
2033 1
2034 0
2035 1
2036 1
2037 0
2038 0
2039 0
2040 1
2041 1
2042 0
2043 0
2044 1
2045 0
2046 0
2047 1
2048 1
2049 0
2050 0
2051 0
2052 1
2053 0
2054 1
2055 1
2056 3
2057 4
2058 1
2059 1
2060 1
2061 1
2062 0
2063 1
2064 0
2065 0
2066 0
2067 1
2068 1
2069 0
2070 1
2071 4
2072 1
2073 1
2074 1
2075 1
2076 0
2077 0
2078 1
2079 1
2080 0
2081 1
2082 1
2083 0
2084 1
2085 0
2086 1
2087 0
2088 0
2089 0
2090 1
2091 1
2092 0
